app/build/intermediates/manifest_merge_blame_file/debug/manifest-merger-blame-debug-report.txt
1<?xml version="1.0" encoding="utf-8"?>
2<manifest xmlns:android="http://schemas.android.com/apk/res/android"
3    package="com.easppb.rofelis"
4    android:versionCode="1"
5    android:versionName="1.0" >
6
7    <uses-sdk
8        android:minSdkVersion="25"
8-->src\main\AndroidManifest.xml
9        android:targetSdkVersion="30" />
9-->src\main\AndroidManifest.xml
10
11    <uses-permission android:name="android.permission.INTERNET" />
11-->src\main\AndroidManifest.xml:4:5-66
11-->src\main\AndroidManifest.xml:4:22-64
12
13    <uses-feature
13-->[com.mapbox.mapboxsdk:mapbox-android-sdk:5.5.0] AndroidManifest.xml:11:5-13:35
14        android:glEsVersion="0x00020000"
14-->[com.mapbox.mapboxsdk:mapbox-android-sdk:5.5.0] AndroidManifest.xml:12:9-41
15        android:required="true" />
15-->[com.mapbox.mapboxsdk:mapbox-android-sdk:5.5.0] AndroidManifest.xml:13:9-32
16    <uses-feature
16-->[com.mapbox.mapboxsdk:mapbox-android-sdk:5.5.0] AndroidManifest.xml:14:5-16:36
17        android:name="android.hardware.wifi"
17-->[com.mapbox.mapboxsdk:mapbox-android-sdk:5.5.0] AndroidManifest.xml:15:9-45
18        android:required="false" /> <!-- Implied by ACCESS_WIFI_STATE. -->
18-->[com.mapbox.mapboxsdk:mapbox-android-sdk:5.5.0] AndroidManifest.xml:16:9-33
19    <uses-feature
19-->[com.mapbox.mapboxsdk:mapbox-android-sdk:5.5.0] AndroidManifest.xml:17:5-19:36
20        android:name="android.hardware.location.gps"
20-->[com.mapbox.mapboxsdk:mapbox-android-sdk:5.5.0] AndroidManifest.xml:18:9-53
21        android:required="false" />
21-->[com.mapbox.mapboxsdk:mapbox-android-sdk:5.5.0] AndroidManifest.xml:19:9-33
22
23    <uses-permission android:name="android.permission.ACCESS_NETWORK_STATE" />
23-->[com.mapbox.mapboxsdk:mapbox-android-sdk:5.5.0] AndroidManifest.xml:22:5-79
23-->[com.mapbox.mapboxsdk:mapbox-android-sdk:5.5.0] AndroidManifest.xml:22:22-76
24    <uses-permission android:name="android.permission.ACCESS_WIFI_STATE" />
24-->[com.mapbox.mapboxsdk:mapbox-android-sdk:5.5.0] AndroidManifest.xml:23:5-76
24-->[com.mapbox.mapboxsdk:mapbox-android-sdk:5.5.0] AndroidManifest.xml:23:22-73
25    <uses-permission android:name="android.permission.WRITE_EXTERNAL_STORAGE" />
26    <uses-permission android:name="android.permission.READ_PHONE_STATE" />
27    <uses-permission android:name="android.permission.READ_EXTERNAL_STORAGE" />
28
29    <application
29-->src\main\AndroidManifest.xml:5:5-33:19
30        android:allowBackup="true"
30-->src\main\AndroidManifest.xml:6:9-35
31        android:appComponentFactory="androidx.core.app.CoreComponentFactory"
31-->[androidx.core:core:1.3.0] AndroidManifest.xml:24:18-86
32        android:debuggable="true"
33        android:extractNativeLibs="false"
34        android:icon="@mipmap/ic_launcher2"
34-->src\main\AndroidManifest.xml:7:9-44
35        android:label="@string/app_name"
35-->src\main\AndroidManifest.xml:8:9-41
36        android:roundIcon="@mipmap/ic_launcher2_round"
36-->src\main\AndroidManifest.xml:9:9-55
37        android:supportsRtl="true"
37-->src\main\AndroidManifest.xml:10:9-35
38        android:theme="@style/AppTheme" >
38-->src\main\AndroidManifest.xml:11:9-40
39        <activity
39-->src\main\AndroidManifest.xml:12:9-18:20
40            android:name="com.easppb.rofelis.view.SplashActivity"
40-->src\main\AndroidManifest.xml:12:19-54
41            android:theme="@style/AppTheme.NoActionBar" >
41-->src\main\AndroidManifest.xml:13:13-56
42            <intent-filter>
42-->src\main\AndroidManifest.xml:14:13-17:29
43                <action android:name="android.intent.action.MAIN" />
43-->src\main\AndroidManifest.xml:15:17-69
43-->src\main\AndroidManifest.xml:15:25-66
44
45                <category android:name="android.intent.category.LAUNCHER" />
45-->src\main\AndroidManifest.xml:16:17-77
45-->src\main\AndroidManifest.xml:16:27-74
46            </intent-filter>
47        </activity>
48        <activity
48-->src\main\AndroidManifest.xml:20:9-23:20
49            android:name="com.easppb.rofelis.view.MainActivity"
49-->src\main\AndroidManifest.xml:20:19-52
50            android:label="@string/app_name"
50-->src\main\AndroidManifest.xml:21:13-45
51            android:theme="@style/AppTheme.NoActionBar" >
51-->src\main\AndroidManifest.xml:22:13-56
52        </activity>
53        <activity
53-->src\main\AndroidManifest.xml:25:9-32:20
54            android:name="com.easppb.rofelis.view.DetailActivity"
54-->src\main\AndroidManifest.xml:25:21-56
55            android:label="Detail Restoran"
55-->src\main\AndroidManifest.xml:27:13-44
56            android:parentActivityName="com.easppb.rofelis.view.MainActivity"
56-->src\main\AndroidManifest.xml:28:13-60
57            android:theme="@style/AppTheme.NoActionBar" >
57-->src\main\AndroidManifest.xml:26:13-56
58            <meta-data
58-->src\main\AndroidManifest.xml:29:13-31:52
59                android:name="android.support.PARENT_ACTIVITY"
59-->src\main\AndroidManifest.xml:30:17-63
60                android:value="view.MainActivity" />
60-->src\main\AndroidManifest.xml:31:17-50
61        </activity>
62        <!-- Include the telemetry service to simplify set up (https://www.mapbox.com/telemetry) -->
63        <service android:name="com.mapbox.services.android.telemetry.service.TelemetryService" />
63-->[com.mapbox.mapboxsdk:mapbox-android-sdk:5.5.0] AndroidManifest.xml:28:9-98
63-->[com.mapbox.mapboxsdk:mapbox-android-sdk:5.5.0] AndroidManifest.xml:28:18-95
64
65        <activity
65-->[com.google.android.gms:play-services-base:12.0.0] AndroidManifest.xml:23:9-26:75
66            android:name="com.google.android.gms.common.api.GoogleApiActivity"
66-->[com.google.android.gms:play-services-base:12.0.0] AndroidManifest.xml:24:13-79
67            android:exported="false"
67-->[com.google.android.gms:play-services-base:12.0.0] AndroidManifest.xml:25:13-37
68            android:theme="@android:style/Theme.Translucent.NoTitleBar" />
68-->[com.google.android.gms:play-services-base:12.0.0] AndroidManifest.xml:26:13-72
69
70        <meta-data
70-->[com.google.android.gms:play-services-basement:12.0.0] AndroidManifest.xml:23:9-25:69
71            android:name="com.google.android.gms.version"
71-->[com.google.android.gms:play-services-basement:12.0.0] AndroidManifest.xml:24:13-58
72            android:value="@integer/google_play_services_version" />
72-->[com.google.android.gms:play-services-basement:12.0.0] AndroidManifest.xml:25:13-66
73    </application>
74
75</manifest>